<?xml version="1.0" encoding="UTF-8"?>
<robot generator="Robot 3.1.2 (Python 3.7.2 on darwin)" generated="20200417 16:09:39.180" rpa="false">
<suite id="s1" name="Testcase 1" source="/Users/mike.zheng2008/Python/python/ixia_automation/testcase_1.robot">
<test id="s1-t1" name="Test #1: Example of running a python script">
<kw name="Run Process" library="Process">
<doc>Runs a process and waits for it to complete.</doc>
<arguments>
<arg>python</arg>
<arg>helloworld.py</arg>
</arguments>
<assign>
<var>${result}</var>
</assign>
<msg timestamp="20200417 16:09:39.216" level="INFO">Starting process:
python helloworld.py</msg>
<msg timestamp="20200417 16:09:39.222" level="INFO">Waiting for process to complete.</msg>
<msg timestamp="20200417 16:09:39.255" level="INFO">Process completed.</msg>
<msg timestamp="20200417 16:09:39.256" level="INFO">${result} = &lt;result object with rc 2&gt;</msg>
<status status="PASS" starttime="20200417 16:09:39.216" endtime="20200417 16:09:39.256"></status>
</kw>
<kw name="Should Be Equal As Integers" library="BuiltIn">
<doc>Fails if objects are unequal after converting them to integers.</doc>
<arguments>
<arg>${result.rc}</arg>
<arg>0</arg>
</arguments>
<msg timestamp="20200417 16:09:39.258" level="INFO">Argument types are:
&lt;class 'int'&gt;
&lt;type 'unicode'&gt;</msg>
<msg timestamp="20200417 16:09:39.258" level="FAIL">2 != 0</msg>
<status status="FAIL" starttime="20200417 16:09:39.257" endtime="20200417 16:09:39.258"></status>
</kw>
<status status="FAIL" starttime="20200417 16:09:39.215" endtime="20200417 16:09:39.258" critical="yes">2 != 0</status>
</test>
<test id="s1-t2" name="Test #2: Another Example of running a python script">
<kw name="Run Process" library="Process">
<doc>Runs a process and waits for it to complete.</doc>
<arguments>
<arg>python</arg>
<arg>helloworld2.py</arg>
</arguments>
<assign>
<var>${result}</var>
</assign>
<msg timestamp="20200417 16:09:39.260" level="INFO">Starting process:
python helloworld2.py</msg>
<msg timestamp="20200417 16:09:39.266" level="INFO">Waiting for process to complete.</msg>
<msg timestamp="20200417 16:09:39.299" level="INFO">Process completed.</msg>
<msg timestamp="20200417 16:09:39.300" level="INFO">${result} = &lt;result object with rc 2&gt;</msg>
<status status="PASS" starttime="20200417 16:09:39.260" endtime="20200417 16:09:39.300"></status>
</kw>
<kw name="Should Be Equal As Integers" library="BuiltIn">
<doc>Fails if objects are unequal after converting them to integers.</doc>
<arguments>
<arg>${result.rc}</arg>
<arg>0</arg>
</arguments>
<msg timestamp="20200417 16:09:39.301" level="INFO">Argument types are:
&lt;class 'int'&gt;
&lt;type 'unicode'&gt;</msg>
<msg timestamp="20200417 16:09:39.302" level="FAIL">2 != 0</msg>
<status status="FAIL" starttime="20200417 16:09:39.301" endtime="20200417 16:09:39.302"></status>
</kw>
<status status="FAIL" starttime="20200417 16:09:39.259" endtime="20200417 16:09:39.302" critical="yes">2 != 0</status>
</test>
<test id="s1-t3" name="Example of running a python script again">
<status status="FAIL" starttime="20200417 16:09:39.302" endtime="20200417 16:09:39.303" critical="yes">Test case contains no keywords.</status>
</test>
<test id="s1-t4" name="hello">
<kw name="| Mike |">
<arguments>
<arg>20</arg>
</arguments>
<msg timestamp="20200417 16:09:39.305" level="FAIL">No keyword with name '| Mike |' found.</msg>
<status status="FAIL" starttime="20200417 16:09:39.305" endtime="20200417 16:09:39.305"></status>
</kw>
<status status="FAIL" starttime="20200417 16:09:39.303" endtime="20200417 16:09:39.305" critical="yes">No keyword with name '| Mike |' found.</status>
</test>
<status status="FAIL" starttime="20200417 16:09:39.182" endtime="20200417 16:09:39.306"></status>
</suite>
<statistics>
<total>
<stat pass="0" fail="4">Critical Tests</stat>
<stat pass="0" fail="4">All Tests</stat>
</total>
<tag>
</tag>
<suite>
<stat pass="0" fail="4" id="s1" name="Testcase 1">Testcase 1</stat>
</suite>
</statistics>
<errors>
<msg timestamp="20200417 16:09:39.176" level="WARN">Collapsing consecutive whitespace during parsing is deprecated. Fix 'Library  hello.py' in file '/Users/mike.zheng2008/Python/python/ixia_automation/testcase_1.robot' on line 5.</msg>
<msg timestamp="20200417 16:09:39.176" level="ERROR">Error in file '/Users/mike.zheng2008/Python/python/ixia_automation/testcase_1.robot': Non-existing setting 'Library hello.py'.</msg>
</errors>
</robot>
